Starting Dynare (version 4.5.4).
Starting preprocessing of the model file ...
WARNING: NK_CDDL17.mod:22.5-66: Symbol dpnk declared twice.
Substitution of endo leads >= 2: added 9 auxiliary variables and equations.
Substitution of endo lags >= 2: added 14 auxiliary variables and equations.
Found 73 equation(s).
Evaluating expressions...done
Computing static model derivatives:
 - order 1
Computing dynamic model derivatives:
 - order 1
Processing outputs ...
done
Preprocessing completed.




Residuals of the static equations:

Equation number 1 : 0
Equation number 2 : 0
Equation number 3 : 0
Equation number 4 : 0
Equation number 5 : 0
Equation number 6 : 0
Equation number 7 : 0
Equation number 8 : 1.6269
Equation number 9 : 0
Equation number 10 : -0.975
Equation number 11 : -0.96619
Equation number 12 : -2
Equation number 13 : 0.0068065
Equation number 14 : -0.305
Equation number 15 : -0.94038
Equation number 16 : -0.77372
Equation number 17 : 0
Equation number 18 : 0
Equation number 19 : 2.3026
Equation number 20 : -1
Equation number 21 : -1
Equation number 22 : 0.61491
Equation number 23 : -0.011629
Equation number 24 : 0
Equation number 25 : 0
Equation number 26 : 1.6269
Equation number 27 : 0
Equation number 28 : -0.975
Equation number 29 : -0.96619
Equation number 30 : -2
Equation number 31 : 0.0068065
Equation number 32 : -0.305
Equation number 33 : -0.16667
Equation number 34 : 0
Equation number 35 : 0.779
Equation number 36 : 0.779
Equation number 37 : 2.3026
Equation number 38 : -1
Equation number 39 : -1
Equation number 40 : 0.61491
Equation number 41 : -0.011629
Equation number 42 : 0
Equation number 43 : 2.6716
Equation number 44 : 0
Equation number 45 : 0
Equation number 46 : 0
Equation number 47 : -0.0011684
Equation number 48 : 1.8398
Equation number 49 : -0.1
Equation number 50 : -0.305



STEADY-STATE RESULTS:

cnk               		 -0.455746
ynk               		 -0.157888
ink               		 -1.58862
knk               		 1.88152
hnk               		 -1.16237
lnk               		 1.88762
psink             		 -0.154151
pnnk              		 1.78382
pdnk              		 1.78382
dpnk              		 0
dynk              		 1.27658e-16
enk               		 -0.414969
dnk               		 1.78226
Rsnk              		 0.0117321
Rdnk              		 0.0068065
Rrnk              		 0.0240321
lbnk              		 0.455746
lsnk              		 1.56185
lrnk              		 0.607571
Util              		 -1.06197
Welf              		 -156.555
cnk_f             		 -1.13779
ynk_f             		 -0.907339
ink_f             		 -2.58966
knk_f             		 0.880473
hnk_f             		 -1.41238
lnk_f             		 0.886567
psink_f           		 -0.405749
pnnk_f            		 -0.0211524
pdnk_f            		 0.230446
dynk_f            		 0.251599
enk_f             		 -1.41602
dnk_f             		 0.781207
Rsnk_f            		 0.0117321
Rdnk_f            		 0.0068065
Rrnk_f            		 0.0240321
lbnk_f            		 1.13779
lsnk_f            		 0.560803
lrnk_f            		 -0.393479
z                 		 0
etar              		 0.0123
psil              		 -5.71192
kap               		 0.1
qnk               		 0.0117322
interest          		 0
inflation         		 0
inflationq        		 0
outputgap         		 0.749451
output            		 -0.157888
r_flex            		 0.0068065

EIGENVALUES:
         Modulus             Real        Imaginary

               0               -0                0
               0               -0                0
               0               -0                0
               0               -0                0
               0               -0                0
               0               -0                0
               0               -0                0
               0               -0                0
               0               -0                0
               0               -0                0
               0               -0                0
               0               -0                0
               0               -0                0
               0               -0                0
       7.576e-17       -7.576e-17                0
       7.583e-15        7.583e-15                0
       2.683e-07       -1.347e-07        2.321e-07
       2.683e-07       -1.347e-07       -2.321e-07
       2.694e-07        2.694e-07                0
          0.1078           0.1078                0
          0.6779           0.6779                0
           0.779            0.779                0
           0.905            0.905                0
          0.9391           0.9391                0
          0.9391           0.9391                0
          0.9662           0.9662                0
           1.007            1.007                0
           1.079            1.079                0
           1.107            1.107                0
           1.292            1.292                0
           1.328             1.28           0.3533
           1.328             1.28          -0.3533
       9.758e+15        9.758e+15                0
       2.745e+16        2.745e+16                0
       8.858e+16       -8.858e+16                0
        1.16e+17        -1.16e+17                0
       1.413e+17       -1.413e+17                0
       1.605e+17       -1.605e+17                0
       2.216e+17        2.216e+17                0
       4.273e+17       -4.273e+17                0
        4.53e+17        -4.53e+17                0
       3.022e+18       -3.022e+18                0
       8.276e+18       -8.276e+18                0
       1.788e+19       -1.788e+19                0
       4.566e+19       -4.566e+19                0
       6.956e+19        6.956e+19                0
        1.59e+21         1.59e+21                0
             Inf              Inf                0
             Inf              Inf                0


There are 23 eigenvalue(s) larger than 1 in modulus 
for 23 forward-looking variable(s)

The rank condition is verified.


MODEL SUMMARY

  Number of variables:         73
  Number of stochastic shocks: 4
  Number of state variables:   26
  Number of jumpers:           23
  Number of static variables:  28


MATRIX OF COVARIANCE OF EXOGENOUS SHOCKS
Variables           ez         et        eps  interest_
ez            0.000046   0.000000   0.000000   0.000000
et            0.000000   0.000000   0.000000   0.000000
eps           0.000000   0.000000   0.000000   0.000000
interest_     0.000000   0.000000   0.000000   0.000000

POLICY AND TRANSITION FUNCTIONS
                                 cnk             ynk             ink             knk             hnk             lnk           psink            pnnk            pdnk            dpnk            dynk             enk             dnk            Rsnk            Rdnk            Rrnk            lbnk            lsnk            lrnk            Util            Welf           cnk_f           ynk_f           ink_f           knk_f           hnk_f           lnk_f         psink_f          pnnk_f          pdnk_f          dynk_f           enk_f           dnk_f          Rsnk_f          Rdnk_f          Rrnk_f          lbnk_f          lsnk_f          lrnk_f               z            etar            psil             kap             qnk        interest       inflation      inflationq       outputgap          output          r_flex
Constant                   -0.455746       -0.157888       -1.588618        1.881522       -1.162374        1.887617       -0.154151        1.783822        1.783822               0               0       -0.414969        1.782256        0.011732        0.006806        0.024032        0.455746        1.561852        0.607571       -1.061974     -156.555176       -1.137785       -0.907339       -2.589658        0.880473       -1.412382        0.886567       -0.405749       -0.021152        0.230446        0.251599       -1.416018        0.781207        0.011732        0.006806        0.024032        1.137785        0.560803       -0.393479               0        0.012300       -5.711916        0.100000        0.011732               0               0               0        0.749451       -0.157888        0.006806
knk(-1)                     0.090339       -6.163106      -26.065627        0.163033       -9.691202        0.163033       -6.112529       -3.359702       -1.808290       -0.440131               0        0.163033        0.163033       -0.101869       -0.101869       -0.101869       -0.090339        0.163033        0.163033        7.586934        9.134019               0               0               0               0               0               0               0               0               0               0               0               0       -0.048056       -0.048056       -0.048056               0               0               0               0               0               0               0       -0.482862       -0.407478       -0.440131       -1.760525       -6.163106       -6.163106               0
dynk(-1)                   -0.272592       -2.554583       -9.812931       -0.303451       -2.650124       -0.303451       -1.099567       -0.877461       -0.646832       -0.065429        0.779000       -0.303451       -0.303451       -0.033160       -0.033160       -0.033160        0.272592       -0.303451       -0.303451        1.777402       -5.293070               0               0               0               0               0               0               0               0               0               0               0               0        0.005194        0.005194        0.005194               0               0               0               0               0               0               0       -0.132909       -0.132642       -0.065429       -0.261715       -2.554583       -2.554583               0
knk_f(-1)                          0               0               0               0               0               0               0               0               0               0               0               0               0               0               0               0               0               0               0               0               0        0.450762        0.196484       -0.968970        0.939112       -0.199278        0.939112               0       -0.254279       -0.254279               0        0.939112        0.939112       -0.027446       -0.027446       -0.027446       -0.450762        0.939112        0.939112               0               0               0               0               0               0               0               0       -0.196484               0       -0.027446
z(-1)                       0.864470        6.598347       24.849533        0.768438        8.406144        0.768438        4.992363        3.078534        1.824513        0.355762               0        0.768438        0.768438        0.103311        0.103311        0.103311       -0.864470        0.768438        0.768438       -5.638073       35.197397        0.618696        1.350467        4.605085        0.142407        0.573488        0.142407               0        0.731770        0.731770               0        0.142407        0.142407        0.078811        0.078811        0.078811       -0.618696        0.142407        0.142407        0.966230               0               0               0        0.421577        0.413245        0.355762        1.423048        5.247880        6.598347        0.043299
etar(-1)                    2.005848       43.913766      176.986715        5.720693       65.542935        5.473072       41.724867       20.276988        9.927657        2.936075               0        5.473072        5.473070        0.441978        0.695834        1.346989       -2.005848        5.473072        5.473071      -48.694651       35.085810       -0.643628        0.711602        6.554340        0.450307        1.062093        0.202686               0        1.355230        1.355230               0        0.202686        0.202686        0.269520        0.523376        1.174531        0.643628        0.202686        0.202686               0        0.905011               0               0        3.114849        2.783336        2.936075       11.744299       43.202164       43.913766        0.264119
psil(-1)                   -0.000686        0.023206        0.046730        0.001445        0.034636        0.001445        0.020304        0.013534        0.008214        0.001509               0        0.001445        0.001445        0.000393        0.000393        0.000393        0.000686        0.001445        0.001445       -0.027478       -0.045564       -0.002404        0.002658       -0.047758       -0.001477        0.003968       -0.001477               0        0.005063        0.005063               0       -0.001477       -0.001477        0.000316        0.000316        0.000316        0.002404       -0.001477       -0.001477               0               0        0.677908               0        0.001583        0.001572        0.001509        0.006036        0.020548        0.023206        0.000109
interest(-1)               -2.212579      -35.338658     -140.572854       -4.347023      -52.744266       -4.347023      -34.175605      -16.082932       -7.603373       -2.405626               0       -4.347023       -4.347022       -0.349006       -0.349006       -0.349006        2.212579       -4.347023       -4.347023       38.587556       -6.954029               0               0               0               0               0               0               0               0               0               0               0               0       -0.213128       -0.213128       -0.213128               0               0               0               0               0               0               0       -2.528373       -1.396026       -2.405626       -9.622503      -35.338658      -35.338658               0
dpnk(-2)                           0               0               0               0               0               0               0               0               0               0               0               0               0               0               0               0               0               0               0               0               0               0               0               0               0               0               0               0               0               0               0               0               0               0               0               0               0               0               0               0               0               0               0               0               0        1.000000               0               0               0               0
dpnk(-3)                           0               0               0               0               0               0               0               0               0               0               0               0               0               0               0               0               0               0               0               0               0               0               0               0               0               0               0               0               0               0               0               0               0               0               0               0               0               0               0               0               0               0               0               0               0        1.000000               0               0               0               0
dpnk(-1)                           0               0               0               0               0               0               0               0               0               0               0               0               0               0               0               0               0               0               0               0               0               0               0               0               0               0               0               0               0               0               0               0               0               0               0               0               0               0               0               0               0               0               0               0               0        1.000000               0               0               0               0
output(-1)                  0.142749        2.279949        9.069358        0.280457        3.402909        0.280457        2.204912        1.037625        0.490548        0.155204               0        0.280457        0.280457        0.022517        0.022517        0.022517       -0.142749        0.280457        0.280457       -2.489559        0.448654               0               0               0               0               0               0               0               0               0               0               0               0        0.013750        0.013750        0.013750               0               0               0               0               0               0               0        0.163123        0.090068        0.155204        0.620816        2.279949        2.279949               0
ez                          0.894683        6.828961       25.718031        0.795295        8.699941        0.795295        5.166848        3.186129        1.888280        0.368196               0        0.795295        0.795295        0.106922        0.106922        0.106922       -0.894683        0.795295        0.795295       -5.835125       36.427555        0.640320        1.397666        4.766034        0.147385        0.593531        0.147385               0        0.757346        0.757346               0        0.147385        0.147385        0.081565        0.081565        0.081565       -0.640320        0.147385        0.147385        1.000000               0               0               0        0.436312        0.427688        0.368196        1.472783        5.431295        6.828961        0.044812
et                          2.216380       48.522909      195.563054        6.321131       72.422252        6.047520       46.104265       22.405240       10.969653        3.244242               0        6.047520        6.047518        0.488368        0.768868        1.488368       -2.216380        6.047519        6.047519      -53.805590       38.768379       -0.711183        0.786291        7.242277        0.497571        1.173569        0.223960               0        1.497474        1.497474               0        0.223960        0.223960        0.297808        0.578309        1.297808        0.711183        0.223960        0.223960               0        1.000000               0               0        3.441780        3.075472        3.244242       12.976968       47.736618       48.522909        0.291841
eps                        -0.001012        0.034232        0.068933        0.002132        0.051092        0.002132        0.029950        0.019964        0.012117        0.002226               0        0.002132        0.002132        0.000580        0.000580        0.000580        0.001012        0.002132        0.002132       -0.040534       -0.067212       -0.003547        0.003921       -0.070448       -0.002179        0.005853       -0.002179               0        0.007468        0.007468               0       -0.002179       -0.002179        0.000466        0.000466        0.000466        0.003547       -0.002179       -0.002179               0               0        1.000000               0        0.002334        0.002319        0.002226        0.008904        0.030311        0.034232        0.000160
interest_                  -2.602127      -41.560397     -165.322170       -5.112362      -62.030444       -5.112362      -40.192576      -18.914499       -8.942026       -2.829161               0       -5.112362       -5.112360       -0.410453       -0.410453       -0.410453        2.602127       -5.112362       -5.112361       45.381297       -8.178358               0               0               0               0               0               0               0               0               0               0               0               0       -0.250652       -0.250652       -0.250652               0               0               0               0               0               0               0       -2.973520       -1.641811       -2.829161      -11.316645      -41.560397      -41.560397               0
[Warning: Aggregate variance and sum of variances by shocks differ by more than 0.01
%] 
[> In <a href="matlab:matlab.internal.language.introspective.errorDocCallback('th_autocovariances', 'C:\dynare\4.5.4\matlab\th_autocovariances.m', 206)" style="font-weight:bold">th_autocovariances</a> (<a href="matlab: opentoline('C:\dynare\4.5.4\matlab\th_autocovariances.m',206,0)">line 206</a>)
  In <a href="matlab:matlab.internal.language.introspective.errorDocCallback('disp_th_moments', 'C:\dynare\4.5.4\matlab\disp_th_moments.m', 39)" style="font-weight:bold">disp_th_moments</a> (<a href="matlab: opentoline('C:\dynare\4.5.4\matlab\disp_th_moments.m',39,0)">line 39</a>)
  In <a href="matlab:matlab.internal.language.introspective.errorDocCallback('stoch_simul', 'C:\dynare\4.5.4\matlab\stoch_simul.m', 178)" style="font-weight:bold">stoch_simul</a> (<a href="matlab: opentoline('C:\dynare\4.5.4\matlab\stoch_simul.m',178,0)">line 178</a>)
  In <a href="matlab:matlab.internal.language.introspective.errorDocCallback('NK_CDDL17', 'C:\MMB_GUI_MASTER\mmb-gui-mlab-master\MODELS\NK_CDDL17\NK_CDDL17.m', 707)" style="font-weight:bold">NK_CDDL17</a> (<a href="matlab: opentoline('C:\MMB_GUI_MASTER\mmb-gui-mlab-master\MODELS\NK_CDDL17\NK_CDDL17.m',707,0)">line 707</a>)
  In <a href="matlab:matlab.internal.language.introspective.errorDocCallback('dynare', 'C:\dynare\4.5.4\matlab\dynare.m', 223)" style="font-weight:bold">dynare</a> (<a href="matlab: opentoline('C:\dynare\4.5.4\matlab\dynare.m',223,0)">line 223</a>)
  In <a href="matlab:matlab.internal.language.introspective.errorDocCallback('MMBOPT2', 'C:\MMB_GUI_MASTER\mmb-gui-mlab-master\MMB_OPTIONS\MMBOPT2.m', 252)" style="font-weight:bold">MMBOPT2</a> (<a href="matlab: opentoline('C:\MMB_GUI_MASTER\mmb-gui-mlab-master\MMB_OPTIONS\MMBOPT2.m',252,0)">line 252</a>)
  In <a href="matlab:matlab.internal.language.introspective.errorDocCallback('OPT2MENU>togglebutton1_Callback', 'C:\MMB_GUI_MASTER\mmb-gui-mlab-master\MMB_OPTIONS\OPT2MENU.m', 391)" style="font-weight:bold">OPT2MENU>togglebutton1_Callback</a> (<a href="matlab: opentoline('C:\MMB_GUI_MASTER\mmb-gui-mlab-master\MMB_OPTIONS\OPT2MENU.m',391,0)">line 391</a>)
  In <a href="matlab:matlab.internal.language.introspective.errorDocCallback('gui_mainfcn', 'C:\Program Files\MATLAB\R2017a\toolbox\matlab\guide\gui_mainfcn.m', 95)" style="font-weight:bold">gui_mainfcn</a> (<a href="matlab: opentoline('C:\Program Files\MATLAB\R2017a\toolbox\matlab\guide\gui_mainfcn.m',95,0)">line 95</a>)
  In <a href="matlab:matlab.internal.language.introspective.errorDocCallback('OPT2MENU', 'C:\MMB_GUI_MASTER\mmb-gui-mlab-master\MMB_OPTIONS\OPT2MENU.m', 19)" style="font-weight:bold">OPT2MENU</a> (<a href="matlab: opentoline('C:\MMB_GUI_MASTER\mmb-gui-mlab-master\MMB_OPTIONS\OPT2MENU.m',19,0)">line 19</a>)
  In <a href="matlab:matlab.internal.language.introspective.errorDocCallback('matlab.graphics.internal.figfile.FigFile/read>@(hObject,eventdata)OPT2MENU(''togglebutton1_Callback'',hObject,eventdata,guidata(hObject))')" style="font-weight:bold">matlab.graphics.internal.figfile.FigFile/read>@(hObject,eventdata)OPT2MENU('togglebutton1_Callback',hObject,eventdata,guidata(hObject))</a>] 


THEORETICAL MOMENTS
VARIABLE           MEAN  STD. DEV.   VARIANCE
cnk             -0.4557     0.0435     0.0019
ynk             -0.1579     0.0730     0.0053
ink             -1.5886     0.2246     0.0504
knk              1.8815     0.0619     0.0038
hnk             -1.1624     0.0746     0.0056
lnk              1.8876     0.0618     0.0038
psink           -0.1542     0.0450     0.0020
pnnk             1.7838     0.0301     0.0009
pdnk             1.7838     0.0203     0.0004
dpnk             0.0000     0.0032     0.0000
dynk             0.0000     0.0000     0.0000
enk             -0.4150     0.0618     0.0038
dnk              1.7823     0.0618     0.0038
Rsnk             0.0117     0.0016     0.0000
Rdnk             0.0068     0.0016     0.0000
Rrnk             0.0240     0.0019     0.0000
lbnk             0.4557     0.0435     0.0019
lsnk             1.5619     0.0618     0.0038
lrnk             0.6076     0.0618     0.0038
Util            -1.0620     0.0660     0.0044
Welf          -156.5552     1.5215     2.3149
cnk_f           -1.1378     0.0380     0.0014
ynk_f           -0.9073     0.0453     0.0021
ink_f           -2.5897     0.0920     0.0085
knk_f            0.8805     0.0519     0.0027
hnk_f           -1.4124     0.0099     0.0001
lnk_f            0.8866     0.0518     0.0027
psink_f         -0.4057     0.0000     0.0000
pnnk_f          -0.0212     0.0127     0.0002
pdnk_f           0.2304     0.0127     0.0002
dynk_f           0.2516     0.0000     0.0000
enk_f           -1.4160     0.0518     0.0027
dnk_f            0.7812     0.0518     0.0027
Rsnk_f           0.0117     0.0013     0.0000
Rdnk_f           0.0068     0.0013     0.0000
Rrnk_f           0.0240     0.0018     0.0000
lbnk_f           1.1378     0.0380     0.0014
lsnk_f           0.5608     0.0518     0.0027
lrnk_f          -0.3935     0.0518     0.0027
z                0.0000     0.0264     0.0007
etar             0.0123     0.0014     0.0000
psil            -5.7119     0.0000     0.0000
kap              0.1000     0.0000     0.0000
qnk              0.0117     0.0038     0.0000
interest         0.0000     0.0062     0.0000
inflation        0.0000     0.0071     0.0001
inflationq       0.0000     0.0129     0.0002
outputgap        0.7495     0.0474     0.0022
output          -0.1579     0.0730     0.0053
r_flex           0.0068     0.0009     0.0000



VARIANCE DECOMPOSITION (in percent)
                     ez         et        eps  interest_
cnk               96.83       3.17       0.00       0.00
ynk               83.43      16.57       0.00       0.00
ink               72.08      27.92       0.00       0.00
knk               92.11       7.89       0.00       0.00
hnk               65.43      34.57       0.00       0.00
lnk               92.40       7.60       0.00       0.00
psink             61.63      38.37       0.00       0.00
pnnk              73.85      26.15       0.00       0.00
pdnk              77.83      22.17       0.00       0.00
dpnk              62.94      37.06       0.00       0.00
dynk              63.22      36.78       0.00       0.00
enk               92.40       7.60       0.00       0.00
dnk               92.40       7.60       0.00       0.00
Rsnk              79.63      20.37       0.00       0.00
Rdnk              84.78      15.22       0.00       0.00
Rrnk              59.18      40.82       0.00       0.00
lbnk              96.83       3.17       0.00       0.00
lsnk              92.40       7.60       0.00       0.00
lrnk              92.40       7.60       0.00       0.00
Util              73.68      26.32       0.00       0.00
Welf              97.99       2.01       0.00       0.00
cnk_f             99.47       0.53       0.00       0.00
ynk_f             99.75       0.25       0.00       0.00
ink_f             99.18       0.82       0.00       0.00
knk_f             98.08       1.92       0.00       0.00
hnk_f             97.98       2.02       0.00       0.00
lnk_f             98.21       1.79       0.00       0.00
psink_f           97.98       2.02       0.00       0.00
pnnk_f            97.98       2.02       0.00       0.00
pdnk_f            97.98       2.02       0.00       0.00
dynk_f            98.70       1.30       0.00       0.00
enk_f             98.21       1.79       0.00       0.00
dnk_f             98.21       1.79       0.00       0.00
Rsnk_f            91.24       8.76       0.00       0.00
Rdnk_f            89.70      10.30       0.00       0.00
Rrnk_f            48.77      51.23       0.00       0.00
lbnk_f            99.47       0.53       0.00       0.00
lsnk_f            98.21       1.79       0.00       0.00
lrnk_f            98.21       1.79       0.00       0.00
z                100.00       0.00       0.00       0.00
etar               0.00     100.00       0.00       0.00
psil               0.00       0.00     100.00       0.00
kap                 NaN        NaN        NaN        NaN
qnk               68.03      31.97       0.00       0.00
interest          84.78      15.22       0.00       0.00
inflation         65.16      34.84       0.00       0.00
inflationq        62.94      37.06       0.00       0.00
outputgap         62.54      37.46       0.00       0.00
output            83.43      16.57       0.00       0.00
r_flex            86.92      13.08       0.00       0.00



MATRIX OF CORRELATIONS
Variables            cnk         ynk         ink         knk         hnk         lnk       psink        pnnk        pdnk        dpnk         enk         dnk        Rsnk        Rdnk        Rrnk        lbnk        lsnk        lrnk        Util        Welf       cnk_f       ynk_f       ink_f       knk_f       hnk_f       lnk_f      pnnk_f      pdnk_f       enk_f       dnk_f      Rsnk_f      Rdnk_f      Rrnk_f      lbnk_f      lsnk_f      lrnk_f           z        etar         qnk    interest   inflation  inflationq   outputgap      output      r_flex
cnk               1.0000      0.7306      0.3708      0.9870      0.1719      0.9876      0.1450     -0.2382     -0.3499     -0.0074      0.9876      0.9876     -0.6024     -0.5829     -0.4043     -1.0000      0.9876      0.9876      0.5078      0.9931      0.9880      0.9788      0.7914      0.9502      0.5352      0.9497      0.5352      0.5352      0.9497      0.9497     -0.4967     -0.4479     -0.2461     -0.9880      0.9497      0.9497      0.9404      0.1509     -0.0043     -0.5829      0.0167     -0.0074      0.1886      0.7306     -0.1679
ynk               0.7306      1.0000      0.9050      0.6839      0.7948      0.6835      0.7662      0.4773      0.3344      0.6677      0.6835      0.6835      0.0196      0.0794      0.1930     -0.7306      0.6835      0.6835     -0.2142      0.7514      0.6858      0.7763      0.8106      0.5806      0.7176      0.5793      0.7176      0.7176      0.5793      0.5793      0.0750      0.1425      0.2340     -0.6858      0.5793      0.5793      0.7948      0.2311      0.6793      0.0794      0.4100      0.6677      0.7974      1.0000      0.2689
ink               0.3708      0.9050      1.0000      0.3149      0.9737      0.3140      0.9511      0.7982      0.6739      0.9123      0.3140      0.3140      0.4033      0.4719      0.5138     -0.3708      0.3140      0.3140     -0.6074      0.4037      0.3175      0.4466      0.6108      0.1974      0.6442      0.1959      0.6442      0.6442      0.1959      0.1959      0.4129      0.4738      0.4710     -0.3175      0.1959      0.1959      0.4962      0.2181      0.9267      0.4719      0.5476      0.9123      0.9666      0.9050      0.4714
knk               0.9870      0.6839      0.3149      1.0000      0.1303      1.0000      0.1201     -0.3145     -0.4461     -0.0379      1.0000      1.0000     -0.6954     -0.6536     -0.4090     -0.9870      1.0000      1.0000      0.5357      0.9638      0.9712      0.9337      0.7004      0.9692      0.4243      0.9679      0.4243      0.4243      0.9679      0.9679     -0.5989     -0.5200     -0.2439     -0.9712      0.9679      0.9679      0.8754      0.2500     -0.0595     -0.6536     -0.0290     -0.0379      0.1598      0.6839     -0.2433
hnk               0.1719      0.7948      0.9737      0.1303      1.0000      0.1290      0.9934      0.8765      0.7513      0.9815      0.1290      0.1290      0.5149      0.5939      0.6304     -0.1719      0.1290      0.1290     -0.7613      0.1970      0.1185      0.2384      0.4211      0.0213      0.4967      0.0194      0.4967      0.4967      0.0194      0.0194      0.4869      0.5549      0.5457     -0.1185      0.0194      0.0194      0.2867      0.2448      0.9795      0.5939      0.5466      0.9815      0.9962      0.7948      0.4789
lnk               0.9876      0.6835      0.3140      1.0000      0.1290      1.0000      0.1185     -0.3151     -0.4460     -0.0395      1.0000      1.0000     -0.6949     -0.6546     -0.4131     -0.9876      1.0000      1.0000      0.5372      0.9646      0.9726      0.9349      0.7011      0.9701      0.4245      0.9689      0.4245      0.4245      0.9689      0.9689     -0.5990     -0.5219     -0.2486     -0.9726      0.9689      0.9689      0.8767      0.2441     -0.0605     -0.6546     -0.0314     -0.0395      0.1581      0.6835     -0.2457
psink             0.1450      0.7662      0.9511      0.1201      0.9934      0.1185      1.0000      0.8508      0.7099      0.9873      0.1185      0.1185      0.4760      0.5651      0.6305     -0.1450      0.1185      0.1185     -0.7733      0.1577      0.0931      0.1913      0.3411      0.0213      0.4045      0.0191      0.4045      0.4045      0.0191      0.0191      0.4290      0.5106      0.5377     -0.0931      0.0191      0.0191      0.2263      0.2890      0.9671      0.5651      0.5080      0.9873      0.9971      0.7662      0.4153
pnnk             -0.2382      0.4773      0.7982     -0.3145      0.8765     -0.3151      0.8508      1.0000      0.9734      0.9130     -0.3151     -0.3151      0.8640      0.8945      0.7540      0.2382     -0.3151     -0.3151     -0.9232     -0.1821     -0.2799     -0.1143      0.2165     -0.4157      0.4312     -0.4160      0.4312      0.4312     -0.4160     -0.4160      0.8245      0.8211      0.6122      0.2799     -0.4160     -0.4160     -0.0189      0.0121      0.9549      0.8945      0.5785      0.9130      0.8446      0.4773      0.6568
pdnk             -0.3499      0.3344      0.6739     -0.4461      0.7513     -0.4460      0.7099      0.9734      1.0000      0.7952     -0.4460     -0.4460      0.9475      0.9477      0.7277      0.3499     -0.4460     -0.4460     -0.8873     -0.2771     -0.3839     -0.1989      0.1835     -0.5425      0.4407     -0.5420      0.4407      0.4407     -0.5420     -0.5420      0.9225      0.8801      0.5837      0.3839     -0.5420     -0.5420     -0.0837     -0.1170      0.8649      0.9477      0.5661      0.7952      0.7055      0.3344      0.7131
dpnk             -0.0074      0.6677      0.9123     -0.0379      0.9815     -0.0395      0.9873      0.9130      0.7952      1.0000     -0.0395     -0.0395      0.5992      0.6797      0.6997      0.0074     -0.0395     -0.0395     -0.8632      0.0115     -0.0571      0.0518      0.2461     -0.1340      0.3564     -0.1359      0.3564      0.3564     -0.1359     -0.1359      0.5393      0.6057      0.5807      0.0571     -0.1359     -0.1359      0.0990      0.2403      0.9866      0.6797      0.5227      1.0000      0.9789      0.6677      0.4683
enk               0.9876      0.6835      0.3140      1.0000      0.1290      1.0000      0.1185     -0.3151     -0.4460     -0.0395      1.0000      1.0000     -0.6949     -0.6546     -0.4131     -0.9876      1.0000      1.0000      0.5372      0.9646      0.9726      0.9349      0.7011      0.9701      0.4245      0.9689      0.4245      0.4245      0.9689      0.9689     -0.5990     -0.5219     -0.2486     -0.9726      0.9689      0.9689      0.8767      0.2441     -0.0605     -0.6546     -0.0314     -0.0395      0.1581      0.6835     -0.2457
dnk               0.9876      0.6835      0.3140      1.0000      0.1290      1.0000      0.1185     -0.3151     -0.4460     -0.0395      1.0000      1.0000     -0.6949     -0.6546     -0.4131     -0.9876      1.0000      1.0000      0.5372      0.9646      0.9726      0.9349      0.7011      0.9701      0.4245      0.9689      0.4245      0.4245      0.9689      0.9689     -0.5990     -0.5219     -0.2486     -0.9726      0.9689      0.9689      0.8767      0.2441     -0.0605     -0.6546     -0.0314     -0.0395      0.1581      0.6835     -0.2457
Rsnk             -0.6024      0.0196      0.4033     -0.6954      0.5149     -0.6949      0.4760      0.8640      0.9475      0.5992     -0.6949     -0.6949      1.0000      0.9688      0.6743      0.6024     -0.6949     -0.6949     -0.8467     -0.5291     -0.6188     -0.4507     -0.0558     -0.7588      0.2452     -0.7574      0.2452      0.2452     -0.7574     -0.7574      0.9561      0.8753      0.5079      0.6188     -0.7574     -0.7574     -0.3317     -0.2465      0.6760      0.9688      0.4514      0.5992      0.4616      0.0196      0.6596
Rdnk             -0.5829      0.0794      0.4719     -0.6536      0.5939     -0.6546      0.5651      0.8945      0.9477      0.6797     -0.6546     -0.6546      0.9688      1.0000      0.8363      0.5829     -0.6546     -0.6546     -0.9030     -0.5141     -0.6325     -0.4541     -0.0406     -0.7598      0.2740     -0.7603      0.2740      0.2740     -0.7603     -0.7603      0.9559      0.9482      0.7000      0.6325     -0.7603     -0.7603     -0.3422      0.0015      0.7367      1.0000      0.5631      0.6797      0.5569      0.0794      0.7621
Rrnk             -0.4043      0.1930      0.5138     -0.4090      0.6304     -0.4131      0.6305      0.7540      0.7277      0.6997     -0.4131     -0.4131      0.6743      0.8363      1.0000      0.4043     -0.4131     -0.4131     -0.8174     -0.3613     -0.5154     -0.3559      0.0026     -0.5853      0.2738     -0.5898      0.2738      0.2738     -0.5898     -0.5898      0.7330      0.8888      0.9620      0.5154     -0.5898     -0.5898     -0.2859      0.5495      0.6996      0.8363      0.6789      0.6997      0.6379      0.1930      0.8114
lbnk             -1.0000     -0.7306     -0.3708     -0.9870     -0.1719     -0.9876     -0.1450      0.2382      0.3499      0.0074     -0.9876     -0.9876      0.6024      0.5829      0.4043      1.0000     -0.9876     -0.9876     -0.5078     -0.9931     -0.9880     -0.9788     -0.7914     -0.9502     -0.5352     -0.9497     -0.5352     -0.5352     -0.9497     -0.9497      0.4967      0.4479      0.2461      0.9880     -0.9497     -0.9497     -0.9404     -0.1509      0.0043      0.5829     -0.0167      0.0074     -0.1886     -0.7306      0.1679
lsnk              0.9876      0.6835      0.3140      1.0000      0.1290      1.0000      0.1185     -0.3151     -0.4460     -0.0395      1.0000      1.0000     -0.6949     -0.6546     -0.4131     -0.9876      1.0000      1.0000      0.5372      0.9646      0.9726      0.9349      0.7011      0.9701      0.4245      0.9689      0.4245      0.4245      0.9689      0.9689     -0.5990     -0.5219     -0.2486     -0.9726      0.9689      0.9689      0.8767      0.2441     -0.0605     -0.6546     -0.0314     -0.0395      0.1581      0.6835     -0.2457
lrnk              0.9876      0.6835      0.3140      1.0000      0.1290      1.0000      0.1185     -0.3151     -0.4460     -0.0395      1.0000      1.0000     -0.6949     -0.6546     -0.4131     -0.9876      1.0000      1.0000      0.5372      0.9646      0.9726      0.9349      0.7011      0.9701      0.4245      0.9689      0.4245      0.4245      0.9689      0.9689     -0.5990     -0.5219     -0.2486     -0.9726      0.9689      0.9689      0.8767      0.2441     -0.0605     -0.6546     -0.0314     -0.0395      0.1581      0.6835     -0.2457
Util              0.5078     -0.2142     -0.6074      0.5357     -0.7613      0.5372     -0.7733     -0.9232     -0.8873     -0.8632      0.5372      0.5372     -0.8467     -0.9030     -0.8174     -0.5078      0.5372      0.5372      1.0000      0.4813      0.5466      0.4357      0.1526      0.6068     -0.0821      0.6080     -0.0821     -0.0821      0.6080      0.6080     -0.7526     -0.7801     -0.6392     -0.5466      0.6080      0.6080      0.3682     -0.1147     -0.8594     -0.9030     -0.4669     -0.8632     -0.7470     -0.2142     -0.5293
Welf              0.9931      0.7514      0.4037      0.9638      0.1970      0.9646      0.1577     -0.1821     -0.2771      0.0115      0.9646      0.9646     -0.5291     -0.5141     -0.3613     -0.9931      0.9646      0.9646      0.4813      1.0000      0.9759      0.9938      0.8549      0.9114      0.6253      0.9110      0.6253      0.6253      0.9110      0.9110     -0.4046     -0.3645     -0.1993     -0.9759      0.9110      0.9110      0.9717      0.1245      0.0323     -0.5141      0.0784      0.0115      0.2063      0.7514     -0.0733
cnk_f             0.9880      0.6858      0.3175      0.9712      0.1185      0.9726      0.0931     -0.2799     -0.3839     -0.0571      0.9726      0.9726     -0.6188     -0.6325     -0.5154     -0.9880      0.9726      0.9726      0.5466      0.9759      1.0000      0.9688      0.7423      0.9711      0.4633      0.9715      0.4633      0.4633      0.9715      0.9715     -0.5469     -0.5352     -0.3813     -1.0000      0.9715      0.9715      0.9249      0.0238     -0.0528     -0.6325     -0.0748     -0.0571      0.1292      0.6858     -0.2827
ynk_f             0.9788      0.7763      0.4466      0.9337      0.2384      0.9349      0.1913     -0.1143     -0.1989      0.0518      0.9349      0.9349     -0.4507     -0.4541     -0.3559     -0.9788      0.9349      0.9349      0.4357      0.9938      0.9688      1.0000      0.8852      0.8855      0.6685      0.8857      0.6685      0.6685      0.8857      0.8857     -0.3351     -0.3195     -0.2117     -0.9688      0.8857      0.8857      0.9894      0.0429      0.0856     -0.4541      0.0975      0.0518      0.2386      0.7763     -0.0444
ink_f             0.7914      0.8106      0.6108      0.7004      0.4211      0.7011      0.3411      0.2165      0.1835      0.2461      0.7011      0.7011     -0.0558     -0.0406      0.0026     -0.7914      0.7011      0.7011      0.1526      0.8549      0.7423      0.8852      1.0000      0.5709      0.9377      0.5708      0.9377      0.9377      0.5708      0.5708      0.1213      0.1399      0.1403     -0.7423      0.5708      0.5708      0.9391      0.0666      0.3301     -0.0406      0.4023      0.2461      0.4013      0.8106      0.4092
knk_f             0.9502      0.5806      0.1974      0.9692      0.0213      0.9701      0.0213     -0.4157     -0.5425     -0.1340      0.9701      0.9701     -0.7588     -0.7598     -0.5853     -0.9502      0.9701      0.9701      0.6068      0.9114      0.9711      0.8855      0.5709      1.0000      0.2522      1.0000      0.2522      0.2522      1.0000      1.0000     -0.7208     -0.6880     -0.4568     -0.9711      1.0000      1.0000      0.8097      0.0904     -0.1649     -0.7598     -0.1975     -0.1340      0.0469      0.5806     -0.4594
hnk_f             0.5352      0.7176      0.6442      0.4243      0.4967      0.4245      0.4045      0.4312      0.4407      0.3564      0.4245      0.4245      0.2452      0.2740      0.2738     -0.5352      0.4245      0.4245     -0.0821      0.6253      0.4633      0.6685      0.9377      0.2522      1.0000      0.2518      1.0000      1.0000      0.2518      0.2518      0.4428      0.4632      0.3873     -0.4633      0.2518      0.2518      0.7622      0.0819      0.4646      0.2740      0.5729      0.3564      0.4655      0.7176      0.6892
lnk_f             0.9497      0.5793      0.1959      0.9679      0.0194      0.9689      0.0191     -0.4160     -0.5420     -0.1359      0.9689      0.9689     -0.7574     -0.7603     -0.5898     -0.9497      0.9689      0.9689      0.6080      0.9110      0.9715      0.8857      0.5708      1.0000      0.2518      1.0000      0.2518      0.2518      1.0000      1.0000     -0.7203     -0.6897     -0.4623     -0.9715      1.0000      1.0000      0.8102      0.0830     -0.1662     -0.7603     -0.2005     -0.1359      0.0446      0.5793     -0.4620
pnnk_f            0.5352      0.7176      0.6442      0.4243      0.4967      0.4245      0.4045      0.4312      0.4407      0.3564      0.4245      0.4245      0.2452      0.2740      0.2738     -0.5352      0.4245      0.4245     -0.0821      0.6253      0.4633      0.6685      0.9377      0.2522      1.0000      0.2518      1.0000      1.0000      0.2518      0.2518      0.4428      0.4632      0.3873     -0.4633      0.2518      0.2518      0.7622      0.0819      0.4646      0.2740      0.5729      0.3564      0.4655      0.7176      0.6892
pdnk_f            0.5352      0.7176      0.6442      0.4243      0.4967      0.4245      0.4045      0.4312      0.4407      0.3564      0.4245      0.4245      0.2452      0.2740      0.2738     -0.5352      0.4245      0.4245     -0.0821      0.6253      0.4633      0.6685      0.9377      0.2522      1.0000      0.2518      1.0000      1.0000      0.2518      0.2518      0.4428      0.4632      0.3873     -0.4633      0.2518      0.2518      0.7622      0.0819      0.4646      0.2740      0.5729      0.3564      0.4655      0.7176      0.6892
enk_f             0.9497      0.5793      0.1959      0.9679      0.0194      0.9689      0.0191     -0.4160     -0.5420     -0.1359      0.9689      0.9689     -0.7574     -0.7603     -0.5898     -0.9497      0.9689      0.9689      0.6080      0.9110      0.9715      0.8857      0.5708      1.0000      0.2518      1.0000      0.2518      0.2518      1.0000      1.0000     -0.7203     -0.6897     -0.4623     -0.9715      1.0000      1.0000      0.8102      0.0830     -0.1662     -0.7603     -0.2005     -0.1359      0.0446      0.5793     -0.4620
dnk_f             0.9497      0.5793      0.1959      0.9679      0.0194      0.9689      0.0191     -0.4160     -0.5420     -0.1359      0.9689      0.9689     -0.7574     -0.7603     -0.5898     -0.9497      0.9689      0.9689      0.6080      0.9110      0.9715      0.8857      0.5708      1.0000      0.2518      1.0000      0.2518      0.2518      1.0000      1.0000     -0.7203     -0.6897     -0.4623     -0.9715      1.0000      1.0000      0.8102      0.0830     -0.1662     -0.7603     -0.2005     -0.1359      0.0446      0.5793     -0.4620
Rsnk_f           -0.4967      0.0750      0.4129     -0.5989      0.4869     -0.5990      0.4290      0.8245      0.9225      0.5393     -0.5990     -0.5990      0.9561      0.9559      0.7330      0.4967     -0.5990     -0.5990     -0.7526     -0.4046     -0.5469     -0.3351      0.1213     -0.7208      0.4428     -0.7203      0.4428      0.4428     -0.7203     -0.7203      1.0000      0.9561      0.6381      0.5469     -0.7203     -0.7203     -0.2011     -0.1199      0.6363      0.9559      0.5683      0.5393      0.4362      0.0750      0.8387
Rdnk_f           -0.4479      0.1425      0.4738     -0.5200      0.5549     -0.5219      0.5106      0.8211      0.8801      0.6057     -0.5219     -0.5219      0.8753      0.9482      0.8888      0.4479     -0.5219     -0.5219     -0.7801     -0.3645     -0.5352     -0.3195      0.1399     -0.6880      0.4632     -0.6897      0.4632      0.4632     -0.6897     -0.6897      0.9561      1.0000      0.8356      0.5352     -0.6897     -0.6897     -0.1994      0.1762      0.6761      0.9482      0.6756      0.6057      0.5254      0.1425      0.9255
Rrnk_f           -0.2461      0.2340      0.4710     -0.2439      0.5457     -0.2486      0.5377      0.6122      0.5837      0.5807     -0.2486     -0.2486      0.5079      0.7000      0.9620      0.2461     -0.2486     -0.2486     -0.6392     -0.1993     -0.3813     -0.2117      0.1403     -0.4568      0.3873     -0.4623      0.3873      0.3873     -0.4623     -0.4623      0.6381      0.8356      1.0000      0.3813     -0.4623     -0.4623     -0.1470      0.6879      0.5840      0.7000      0.7103      0.5807      0.5631      0.2340      0.8601
lbnk_f           -0.9880     -0.6858     -0.3175     -0.9712     -0.1185     -0.9726     -0.0931      0.2799      0.3839      0.0571     -0.9726     -0.9726      0.6188      0.6325      0.5154      0.9880     -0.9726     -0.9726     -0.5466     -0.9759     -1.0000     -0.9688     -0.7423     -0.9711     -0.4633     -0.9715     -0.4633     -0.4633     -0.9715     -0.9715      0.5469      0.5352      0.3813      1.0000     -0.9715     -0.9715     -0.9249     -0.0238      0.0528      0.6325      0.0748      0.0571     -0.1292     -0.6858      0.2827
lsnk_f            0.9497      0.5793      0.1959      0.9679      0.0194      0.9689      0.0191     -0.4160     -0.5420     -0.1359      0.9689      0.9689     -0.7574     -0.7603     -0.5898     -0.9497      0.9689      0.9689      0.6080      0.9110      0.9715      0.8857      0.5708      1.0000      0.2518      1.0000      0.2518      0.2518      1.0000      1.0000     -0.7203     -0.6897     -0.4623     -0.9715      1.0000      1.0000      0.8102      0.0830     -0.1662     -0.7603     -0.2005     -0.1359      0.0446      0.5793     -0.4620
lrnk_f            0.9497      0.5793      0.1959      0.9679      0.0194      0.9689      0.0191     -0.4160     -0.5420     -0.1359      0.9689      0.9689     -0.7574     -0.7603     -0.5898     -0.9497      0.9689      0.9689      0.6080      0.9110      0.9715      0.8857      0.5708      1.0000      0.2518      1.0000      0.2518      0.2518      1.0000      1.0000     -0.7203     -0.6897     -0.4623     -0.9715      1.0000      1.0000      0.8102      0.0830     -0.1662     -0.7603     -0.2005     -0.1359      0.0446      0.5793     -0.4620
z                 0.9404      0.7948      0.4962      0.8754      0.2867      0.8767      0.2263     -0.0189     -0.0837      0.0990      0.8767      0.8767     -0.3317     -0.3422     -0.2859     -0.9404      0.8767      0.8767      0.3682      0.9717      0.9249      0.9894      0.9391      0.8097      0.7622      0.8102      0.7622      0.7622      0.8102      0.8102     -0.2011     -0.1994     -0.1470     -0.9249      0.8102      0.8102      1.0000      0.0000      0.1531     -0.3422      0.1718      0.0990      0.2774      0.7948      0.0739
etar              0.1509      0.2311      0.2181      0.2500      0.2448      0.2441      0.2890      0.0121     -0.1170      0.2403      0.2441      0.2441     -0.2465      0.0015      0.5495     -0.1509      0.2441      0.2441     -0.1147      0.1245      0.0238      0.0429      0.0666      0.0904      0.0819      0.0830      0.0819      0.0819      0.0830      0.0830     -0.1199      0.1762      0.6879     -0.0238      0.0830      0.0830      0.0000      1.0000      0.1532      0.0015      0.3802      0.2403      0.3149      0.2311      0.3185
qnk              -0.0043      0.6793      0.9267     -0.0595      0.9795     -0.0605      0.9671      0.9549      0.8649      0.9866     -0.0605     -0.0605      0.6760      0.7367      0.6996      0.0043     -0.0605     -0.0605     -0.8594      0.0323     -0.0528      0.0856      0.3301     -0.1649      0.4646     -0.1662      0.4646      0.4646     -0.1662     -0.1662      0.6363      0.6761      0.5840      0.0528     -0.1662     -0.1662      0.1531      0.1532      1.0000      0.7367      0.5667      0.9866      0.9645      0.6793      0.5536
interest         -0.5829      0.0794      0.4719     -0.6536      0.5939     -0.6546      0.5651      0.8945      0.9477      0.6797     -0.6546     -0.6546      0.9688      1.0000      0.8363      0.5829     -0.6546     -0.6546     -0.9030     -0.5141     -0.6325     -0.4541     -0.0406     -0.7598      0.2740     -0.7603      0.2740      0.2740     -0.7603     -0.7603      0.9559      0.9482      0.7000      0.6325     -0.7603     -0.7603     -0.3422      0.0015      0.7367      1.0000      0.5631      0.6797      0.5569      0.0794      0.7621
inflation         0.0167      0.4100      0.5476     -0.0290      0.5466     -0.0314      0.5080      0.5785      0.5661      0.5227     -0.0314     -0.0314      0.4514      0.5631      0.6789     -0.0167     -0.0314     -0.0314     -0.4669      0.0784     -0.0748      0.0975      0.4023     -0.1975      0.5729     -0.2005      0.5729      0.5729     -0.2005     -0.2005      0.5683      0.6756      0.7103      0.0748     -0.2005     -0.2005      0.1718      0.3802      0.5667      0.5631      1.0000      0.5227      0.5383      0.4100      0.7384
inflationq       -0.0074      0.6677      0.9123     -0.0379      0.9815     -0.0395      0.9873      0.9130      0.7952      1.0000     -0.0395     -0.0395      0.5992      0.6797      0.6997      0.0074     -0.0395     -0.0395     -0.8632      0.0115     -0.0571      0.0518      0.2461     -0.1340      0.3564     -0.1359      0.3564      0.3564     -0.1359     -0.1359      0.5393      0.6057      0.5807      0.0571     -0.1359     -0.1359      0.0990      0.2403      0.9866      0.6797      0.5227      1.0000      0.9789      0.6677      0.4683
outputgap         0.1886      0.7974      0.9666      0.1598      0.9962      0.1581      0.9971      0.8446      0.7055      0.9789      0.1581      0.1581      0.4616      0.5569      0.6379     -0.1886      0.1581      0.1581     -0.7470      0.2063      0.1292      0.2386      0.4013      0.0469      0.4655      0.0446      0.4655      0.4655      0.0446      0.0446      0.4362      0.5254      0.5631     -0.1292      0.0446      0.0446      0.2774      0.3149      0.9645      0.5569      0.5383      0.9789      1.0000      0.7974      0.4568
output            0.7306      1.0000      0.9050      0.6839      0.7948      0.6835      0.7662      0.4773      0.3344      0.6677      0.6835      0.6835      0.0196      0.0794      0.1930     -0.7306      0.6835      0.6835     -0.2142      0.7514      0.6858      0.7763      0.8106      0.5806      0.7176      0.5793      0.7176      0.7176      0.5793      0.5793      0.0750      0.1425      0.2340     -0.6858      0.5793      0.5793      0.7948      0.2311      0.6793      0.0794      0.4100      0.6677      0.7974      1.0000      0.2689
r_flex           -0.1679      0.2689      0.4714     -0.2433      0.4789     -0.2457      0.4153      0.6568      0.7131      0.4683     -0.2457     -0.2457      0.6596      0.7621      0.8114      0.1679     -0.2457     -0.2457     -0.5293     -0.0733     -0.2827     -0.0444      0.4092     -0.4594      0.6892     -0.4620      0.6892      0.6892     -0.4620     -0.4620      0.8387      0.9255      0.8601      0.2827     -0.4620     -0.4620      0.0739      0.3185      0.5536      0.7621      0.7384      0.4683      0.4568      0.2689      1.0000



COEFFICIENTS OF AUTOCORRELATION
Order              1       2       3       4       5
cnk           0.9895  0.9768  0.9631  0.9486  0.9334
ynk           0.5615  0.5020  0.4835  0.4697  0.4566
ink           0.2657  0.1755  0.1556  0.1439  0.1338
knk           0.9938  0.9850  0.9747  0.9632  0.9507
hnk           0.1507  0.0542  0.0394  0.0338  0.0295
lnk           0.9940  0.9853  0.9751  0.9637  0.9513
psink         0.1098  0.0135  0.0028  0.0015  0.0011
pnnk          0.3675  0.2841  0.2607  0.2448  0.2304
pdnk          0.5673  0.4983  0.4695  0.4462  0.4244
dpnk          0.1172  0.0201  0.0079  0.0050  0.0033
enk           0.9940  0.9853  0.9751  0.9637  0.9513
dnk           0.9940  0.9853  0.9751  0.9637  0.9513
Rsnk          0.7869  0.7452  0.7222  0.7015  0.6812
Rdnk          0.7434  0.6976  0.6750  0.6553  0.6362
Rrnk          0.7281  0.6577  0.6126  0.5737  0.5384
lbnk          0.9895  0.9768  0.9631  0.9486  0.9334
lsnk          0.9940  0.9853  0.9751  0.9637  0.9513
lrnk          0.9940  0.9853  0.9751  0.9637  0.9513
Util          0.4136  0.3433  0.3288  0.3204  0.3128
Welf          0.9858  0.9663  0.9461  0.9257  0.9053
cnk_f         0.9931  0.9848  0.9752  0.9645  0.9527
ynk_f         0.9777  0.9555  0.9333  0.9113  0.8894
ink_f         0.9347  0.8736  0.8164  0.7628  0.7127
knk_f         0.9989  0.9957  0.9908  0.9842  0.9762
hnk_f         0.9106  0.8278  0.7509  0.6798  0.6139
lnk_f         0.9989  0.9958  0.9908  0.9843  0.9762
pnnk_f        0.9106  0.8278  0.7509  0.6798  0.6139
pdnk_f        0.9106  0.8278  0.7509  0.6798  0.6139
enk_f         0.9989  0.9958  0.9908  0.9843  0.9762
dnk_f         0.9989  0.9958  0.9908  0.9843  0.9762
Rsnk_f        0.8658  0.8211  0.7873  0.7558  0.7256
Rdnk_f        0.8409  0.7888  0.7503  0.7151  0.6821
Rrnk_f        0.8346  0.7576  0.6956  0.6402  0.5899
lbnk_f        0.9931  0.9848  0.9752  0.9645  0.9527
lsnk_f        0.9989  0.9958  0.9908  0.9843  0.9762
lrnk_f        0.9989  0.9958  0.9908  0.9843  0.9762
z             0.9662  0.9336  0.9021  0.8716  0.8422
etar          0.9050  0.8190  0.7412  0.6708  0.6071
qnk           0.1824  0.0863  0.0686  0.0600  0.0528
interest      0.7434  0.6976  0.6750  0.6553  0.6362
inflation     0.7927  0.5389  0.2812  0.0448  0.0146
inflationq    0.1172  0.0201  0.0079  0.0050  0.0033
outputgap     0.1443  0.0489  0.0357  0.0316  0.0286
output        0.5615  0.5020  0.4835  0.4697  0.4566
r_flex        0.9217  0.8495  0.7829  0.7214  0.6647
Total computing time : 0h00m01s
Note: 1 warning(s) encountered in the preprocessor
Note: warning(s) encountered in MATLAB/Octave code
